#
# A fatal error has been detected by the Java Runtime Environment:
#
#  EXCEPTION_ACCESS_VIOLATION (0xc0000005) at pc=0x000000006865b512, pid=12152, tid=0x0000000000000fcc
#
# JRE version: OpenJDK Runtime Environment (8.0_212-b04) (build 1.8.0_212-release-1586-b04)
# Java VM: OpenJDK 64-Bit Server VM (25.212-b04 mixed mode windows-amd64 compressed oops)
# Problematic frame:
# V  [jvm.dll+0x8b512]
#
# Failed to write core dump. Minidumps are not enabled by default on client versions of Windows
#
# If you would like to submit a bug report, please visit:
#   
#

---------------  T H R E A D  ---------------

Current thread (0x0000000002699000):  GCTaskThread [stack: 0x0000000012150000,0x0000000012250000] [id=4044]

siginfo: ExceptionCode=0xc0000005, reading address 0xffffffffffffffff

Registers:
RAX=0x0c01010b0c010107, RBX=0x00000000f9ae3ae0, RCX=0x0000000000c98450, RDX=0x00000000f9ae3ae0
RSP=0x000000001224faf8, RBP=0x0000000011b74e1d, RSI=0x00000000160b4300, RDI=0x00000000a69c3950
R8 =0x000000000108010b, R9 =0x0000000000c98450, R10=0x0000000000000008, R11=0x00000000fdeaecd0
R12=0x0000000011b74d1c, R13=0x0000000000000015, R14=0x0000000000000000, R15=0x0000000002691ef0
RIP=0x000000006865b512, EFLAGS=0x0000000000010202

Top of Stack: (sp=0x000000001224faf8)
0x000000001224faf8:   000000006899eb82 00000000f9ae3ac8
0x000000001224fb08:   0000000000000003 00000000160b4300
0x000000001224fb18:   00000000f9cc9000 00000000fdea6ce0
0x000000001224fb28:   000000006899f2cb 0000000000000000
0x000000001224fb38:   0000000000000005 0000000000000000
0x000000001224fb48:   00000000160b4300 0000000011b74d1c
0x000000001224fb58:   000000006899eef0 00000000fdeaacf8
0x000000001224fb68:   0000000011b74e1d 00000000160b4300
0x000000001224fb78:   00000000a69c3950 00000000fdeaacf8
0x000000001224fb88:   000000006899fa95 00000000f9b1c7c8
0x000000001224fb98:   0000000011b74e1d 00000000160b4300
0x000000001224fba8:   000000000000002e 00000000160b4300
0x000000001224fbb8:   00007ff8af2f8b03 00000000a606ec8c
0x000000001224fbc8:   00000000686bf8a7 00000000160b4300
0x000000001224fbd8:   00000000686bdf83 00000000a69c3941
0x000000001224fbe8:   00000000a69c3941 00000000a69a0958 

Instructions: (pc=0x000000006865b512)
0x000000006865b4f2:   e2 49 8d 0c 11 49 f7 d1 48 03 c1 49 c1 e9 03 48
0x000000006865b502:   c1 e8 03 41 23 c1 c3 48 8b 02 48 8b d1 49 8b c9
0x000000006865b512:   48 ff a0 e8 00 00 00 cc cc cc cc cc cc cc 80 3d
0x000000006865b522:   4a 49 73 00 00 48 8b c1 74 1b 8b 51 08 8b 0d e3 


Register to memory mapping:

RAX=0x0c01010b0c010107 is an unknown value
RBX=0x00000000f9ae3ae0 is an oop

[error occurred during error reporting (printing register info), id 0xc0000005]

Stack: [0x0000000012150000,0x0000000012250000],  sp=0x000000001224faf8,  free space=1022k
Native frames: (J=compiled Java code, j=interpreted, Vv=VM code, C=native code)
V  [jvm.dll+0x8b512]


---------------  P R O C E S S  ---------------

Java Threads: ( => current thread )
  0x000000001a0c5800 JavaThread "WorkerExecutor Queue Thread 3" [_thread_blocked, id=8300, stack(0x000000002b010000,0x000000002b110000)]
  0x000000001a0be800 JavaThread "WorkerExecutor Queue Thread 2" [_thread_blocked, id=12936, stack(0x000000002af10000,0x000000002b010000)]
  0x000000001a0be000 JavaThread "stdout" [_thread_in_native, id=8840, stack(0x000000002ae10000,0x000000002af10000)]
  0x000000001a0bf800 JavaThread "stderr" [_thread_in_native, id=12516, stack(0x000000002ab10000,0x000000002ac10000)]
  0x000000001e92f800 JavaThread "pool-63-thread-1" [_thread_blocked, id=3156, stack(0x000000002aa10000,0x000000002ab10000)]
  0x000000001e92e000 JavaThread "WorkerExecutor Queue" [_thread_blocked, id=1956, stack(0x0000000029940000,0x0000000029a40000)]
  0x000000001e926800 JavaThread "Cache worker for execution history cache (D:\App\MyApp\MaterialDesingHomework2\.gradle\5.6.4\executionHistory)" [_thread_blocked, id=8464, stack(0x0000000029840000,0x0000000029940000)]
  0x000000001e929800 JavaThread "Execution worker for ':' Thread 3" [_thread_blocked, id=8816, stack(0x0000000029740000,0x0000000029840000)]
  0x000000001e92a000 JavaThread "Execution worker for ':' Thread 2" [_thread_blocked, id=2256, stack(0x0000000028a10000,0x0000000028b10000)]
  0x000000001e928800 JavaThread "Execution worker for ':'" [_thread_blocked, id=11380, stack(0x0000000027740000,0x0000000027840000)]
  0x000000001e921000 JavaThread "Cache worker for file content cache (D:\App\MyApp\MaterialDesingHomework2\.gradle\5.6.4\fileContent)" [_thread_blocked, id=12812, stack(0x00000000251a0000,0x00000000252a0000)]
  0x000000001e924000 JavaThread "Cache worker for Build Output Cleanup Cache (D:\App\MyApp\MaterialDesingHomework2\.gradle\buildOutputCleanup)" [_thread_blocked, id=11672, stack(0x00000000250a0000,0x00000000251a0000)]
  0x000000001e925000 JavaThread "pool-62-thread-1" [_thread_blocked, id=5412, stack(0x0000000024fa0000,0x00000000250a0000)]
  0x000000001e923800 JavaThread "Build operations Thread 4" [_thread_blocked, id=9528, stack(0x0000000023fa0000,0x00000000240a0000)]
  0x000000001e920800 JavaThread "Build operations Thread 3" [_thread_blocked, id=7712, stack(0x0000000023c60000,0x0000000023d60000)]
  0x000000001e925800 JavaThread "Build operations Thread 2" [_thread_blocked, id=4184, stack(0x0000000021ea0000,0x0000000021fa0000)]
  0x000000001c2b0800 JavaThread "Build operations" [_thread_blocked, id=3644, stack(0x0000000021ba0000,0x0000000021ca0000)]
  0x000000001c2af800 JavaThread "Cache worker for cache directory md-rule (C:\Users\Bambino\.gradle\caches\5.6.4\md-rule)" [_thread_blocked, id=10860, stack(0x00000000216a0000,0x00000000217a0000)]
  0x000000001c2b1000 JavaThread "Cache worker for cache directory md-supplier (C:\Users\Bambino\.gradle\caches\5.6.4\md-supplier)" [_thread_blocked, id=12600, stack(0x000000001fcd0000,0x000000001fdd0000)]
  0x000000001c2b2000 JavaThread "Cache worker for file hash cache (D:\App\MyApp\MaterialDesingHomework2\.gradle\5.6.4\fileHashes)" [_thread_blocked, id=10364, stack(0x000000001e720000,0x000000001e820000)]
  0x000000001c2af000 JavaThread "Thread-565" [_thread_blocked, id=6008, stack(0x000000001e220000,0x000000001e320000)]
  0x000000001c2ad800 JavaThread "Stdin handler" [_thread_blocked, id=11288, stack(0x000000001b980000,0x000000001ba80000)]
  0x000000001c2a6000 JavaThread "Asynchronous log dispatcher for DefaultDaemonConnection: socket connection from /127.0.0.1:61170 to /127.0.0.1:59306" [_thread_blocked, id=12188, stack(0x000000001b680000,0x000000001b780000)]
  0x000000001c2ac800 JavaThread "Daemon worker Thread 22" [_thread_blocked, id=8656, stack(0x000000001b580000,0x000000001b680000)]
  0x000000001c2a4800 JavaThread "Cancel handler" [_thread_blocked, id=6984, stack(0x000000001b280000,0x000000001b380000)]
  0x000000001c2a3800 JavaThread "Handler for socket connection from /127.0.0.1:61170 to /127.0.0.1:59306" [_thread_in_native, id=8872, stack(0x000000001b180000,0x000000001b280000)]
  0x000000001c2a9000 JavaThread "Daemon Thread 22" [_thread_blocked, id=9248, stack(0x0000000000a10000,0x0000000000b10000)]
  0x000000001c2a8000 JavaThread "Cache worker for Java compile cache (C:\Users\Bambino\.gradle\caches\5.6.4\javaCompile)" [_thread_blocked, id=2460, stack(0x0000000027640000,0x0000000027740000)]
  0x000000001a1a3800 JavaThread "Cache worker for file content cache (C:\Users\Bambino\.gradle\caches\5.6.4\fileContent)" [_thread_blocked, id=11768, stack(0x0000000022460000,0x0000000022560000)]
  0x000000001a1a0800 JavaThread "Memory manager" [_thread_blocked, id=6616, stack(0x0000000023160000,0x0000000023260000)]
  0x000000001a19d800 JavaThread "Cache worker for execution history cache (C:\Users\Bambino\.gradle\caches\5.6.4\executionHistory)" [_thread_blocked, id=12848, stack(0x000000001fdd0000,0x000000001fed0000)]
  0x00000000181cb000 JavaThread "Cache worker for journal cache (C:\Users\Bambino\.gradle\caches\journal-1)" [_thread_blocked, id=3248, stack(0x000000001be80000,0x000000001bf80000)]
  0x00000000181ca000 JavaThread "File lock request listener" [_thread_in_native, id=3032, stack(0x000000001bd80000,0x000000001be80000)]
  0x00000000181cc800 JavaThread "Cache worker for file hash cache (C:\Users\Bambino\.gradle\caches\5.6.4\fileHashes)" [_thread_blocked, id=2476, stack(0x000000001ba80000,0x000000001bb80000)]
  0x0000000019a44800 JavaThread "Daemon periodic checks" [_thread_blocked, id=12208, stack(0x000000001b080000,0x000000001b180000)]
  0x0000000019a3b800 JavaThread "Incoming local TCP Connector on port 61170" [_thread_in_native, id=11236, stack(0x000000001ae30000,0x000000001af30000)]
  0x00000000199b0800 JavaThread "Daemon health stats" [_thread_blocked, id=6416, stack(0x000000001a7f0000,0x000000001a8f0000)]
  0x0000000017a80800 JavaThread "Service Thread" daemon [_thread_blocked, id=5644, stack(0x0000000017e50000,0x0000000017f50000)]
  0x0000000016100000 JavaThread "C1 CompilerThread2" daemon [_thread_blocked, id=9048, stack(0x0000000017950000,0x0000000017a50000)]
  0x00000000160fb800 JavaThread "C2 CompilerThread1" daemon [_thread_blocked, id=11592, stack(0x0000000017850000,0x0000000017950000)]
  0x00000000160f7800 JavaThread "C2 CompilerThread0" daemon [_thread_blocked, id=13080, stack(0x0000000017750000,0x0000000017850000)]
  0x00000000160f6000 JavaThread "Attach Listener" daemon [_thread_blocked, id=12392, stack(0x0000000017650000,0x0000000017750000)]
  0x00000000160f5000 JavaThread "Signal Dispatcher" daemon [_thread_blocked, id=11304, stack(0x0000000017550000,0x0000000017650000)]
  0x00000000160d8800 JavaThread "Finalizer" daemon [_thread_blocked, id=11808, stack(0x0000000017340000,0x0000000017440000)]
  0x0000000002772000 JavaThread "Reference Handler" daemon [_thread_blocked, id=11612, stack(0x0000000017240000,0x0000000017340000)]
  0x000000000267e000 JavaThread "main" [_thread_blocked, id=12376, stack(0x00000000024b0000,0x00000000025b0000)]

Other Threads:
  0x00000000160b6800 VMThread [stack: 0x0000000017140000,0x0000000017240000] [id=932]
  0x0000000017a85000 WatcherThread [stack: 0x0000000017f50000,0x0000000018050000] [id=9212]

=>0x0000000002699000 (exited) GCTaskThread [stack: 0x0000000012150000,0x0000000012250000] [id=4044]

VM state:at safepoint (normal execution)

VM Mutex/Monitor currently owned by a thread:  ([mutex/lock_event])
[0x000000000267d920] Threads_lock - owner thread: 0x00000000160b6800
[0x000000000267d1a0] Heap_lock - owner thread: 0x000000001e92e000

heap address: 0x00000000a0000000, size: 1536 MB, Compressed Oops mode: 32-bit
Narrow klass base: 0x0000000000000000, Narrow klass shift: 3
Compressed class space size: 1073741824 Address: 0x0000000100000000

Heap:
 PSYoungGen      total 448512K, used 439224K [0x00000000e0000000, 0x0000000100000000, 0x0000000100000000)
  eden space 389120K, 100% used [0x00000000e0000000,0x00000000f7c00000,0x00000000f7c00000)
  from space 59392K, 84% used [0x00000000f7c00000,0x00000000facee2d8,0x00000000fb600000)
  to   space 65536K, 62% used [0x00000000fc000000,0x00000000fe7bad40,0x0000000100000000)
 ParOldGen       total 329728K, used 121771K [0x00000000a0000000, 0x00000000b4200000, 0x00000000e0000000)
  object space 329728K, 36% used [0x00000000a0000000,0x00000000a76eafb0,0x00000000b4200000)
 Metaspace       used 112107K, capacity 121534K, committed 121856K, reserved 1155072K
  class space    used 14344K, capacity 16048K, committed 16128K, reserved 1048576K

Card table byte_map: [0x0000000011b40000,0x0000000011e50000] byte_map_base: 0x0000000011640000

Marking Bits: (ParMarkBitMap*) 0x0000000068d99f30
 Begin Bits: [0x0000000012450000, 0x0000000013c50000)
 End Bits:   [0x0000000013c50000, 0x0000000015450000)

Polling page: 0x00000000005f0000

CodeCache: size=245760Kb used=80352Kb max_used=80365Kb free=165407Kb
 bounds [0x0000000002780000, 0x0000000007680000, 0x0000000011780000]
 total_blobs=23605 nmethods=22666 adapters=847
 compilation: enabled

Compilation events (10 events):
Event: 7869.118 Thread 0x0000000016100000 nmethod 29492 0x0000000003ebdad0 code [0x0000000003ebdce0, 0x0000000003ebe798]
Event: 7869.118 Thread 0x0000000016100000 29493       3       com.android.build.gradle.internal.res.Aapt2ProcessResourcesRunnableKt$processResources$1::invoke (21 bytes)
Event: 7869.119 Thread 0x0000000016100000 nmethod 29493 0x0000000003e1f810 code [0x0000000003e1fa60, 0x0000000003e20608]
Event: 7869.148 Thread 0x00000000160fb800 nmethod 29486 0x0000000007675a50 code [0x0000000007675dc0, 0x00000000076778b8]
Event: 7869.148 Thread 0x00000000160fb800 29490       4       com.google.common.collect.ImmutableSet::hashFloodingDetected (134 bytes)
Event: 7869.155 Thread 0x00000000160fb800 nmethod 29490 0x0000000005be3a50 code [0x0000000005be3bc0, 0x0000000005be40c8]
Event: 7869.155 Thread 0x00000000160fb800 29489       4       com.google.common.collect.ImmutableMap$Builder::build (135 bytes)
Event: 7869.158 Thread 0x00000000160fb800 nmethod 29489 0x0000000004c695d0 code [0x0000000004c69740, 0x0000000004c69928]
Event: 7869.169 Thread 0x00000000160fb800 29494       4       org.objectweb.asm.ByteVector::putByteArray (49 bytes)
Event: 7869.170 Thread 0x00000000160fb800 nmethod 29494 0x0000000005dd8b50 code [0x0000000005dd8ca0, 0x0000000005dd8df8]

GC Heap History (10 events):
Event: 3849.944 GC heap after
Heap after GC invocations=39 (full 4):
 PSYoungGen      total 436736K, used 21057K [0x00000000e0000000, 0x00000000fe100000, 0x0000000100000000)
  eden space 389120K, 0% used [0x00000000e0000000,0x00000000e0000000,0x00000000f7c00000)
  from space 47616K, 44% used [0x00000000f7c00000,0x00000000f9090590,0x00000000faa80000)
  to   space 46080K, 0% used [0x00000000fb400000,0x00000000fb400000,0x00000000fe100000)
 ParOldGen       total 329728K, used 95520K [0x00000000a0000000, 0x00000000b4200000, 0x00000000e0000000)
  object space 329728K, 28% used [0x00000000a0000000,0x00000000a5d48010,0x00000000b4200000)
 Metaspace       used 109560K, capacity 117430K, committed 117760K, reserved 1150976K
  class space    used 14063K, capacity 15489K, committed 15616K, reserved 1048576K
}
Event: 4509.264 GC heap before
{Heap before GC invocations=40 (full 4):
 PSYoungGen      total 436736K, used 410177K [0x00000000e0000000, 0x00000000fe100000, 0x0000000100000000)
  eden space 389120K, 100% used [0x00000000e0000000,0x00000000f7c00000,0x00000000f7c00000)
  from space 47616K, 44% used [0x00000000f7c00000,0x00000000f9090590,0x00000000faa80000)
  to   space 46080K, 0% used [0x00000000fb400000,0x00000000fb400000,0x00000000fe100000)
 ParOldGen       total 329728K, used 95520K [0x00000000a0000000, 0x00000000b4200000, 0x00000000e0000000)
  object space 329728K, 28% used [0x00000000a0000000,0x00000000a5d48010,0x00000000b4200000)
 Metaspace       used 111049K, capacity 120046K, committed 120192K, reserved 1153024K
  class space    used 14289K, capacity 15947K, committed 16000K, reserved 1048576K
Event: 4509.290 GC heap after
Heap after GC invocations=40 (full 4):
 PSYoungGen      total 436224K, used 18530K [0x00000000e0000000, 0x00000000fd980000, 0x0000000100000000)
  eden space 397824K, 0% used [0x00000000e0000000,0x00000000e0000000,0x00000000f8480000)
  from space 38400K, 48% used [0x00000000fb400000,0x00000000fc618988,0x00000000fd980000)
  to   space 43520K, 0% used [0x00000000f8480000,0x00000000f8480000,0x00000000faf00000)
 ParOldGen       total 329728K, used 95528K [0x00000000a0000000, 0x00000000b4200000, 0x00000000e0000000)
  object space 329728K, 28% used [0x00000000a0000000,0x00000000a5d4a010,0x00000000b4200000)
 Metaspace       used 111049K, capacity 120046K, committed 120192K, reserved 1153024K
  class space    used 14289K, capacity 15947K, committed 16000K, reserved 1048576K
}
Event: 6947.511 GC heap before
{Heap before GC invocations=41 (full 4):
 PSYoungGen      total 436224K, used 416354K [0x00000000e0000000, 0x00000000fd980000, 0x0000000100000000)
  eden space 397824K, 100% used [0x00000000e0000000,0x00000000f8480000,0x00000000f8480000)
  from space 38400K, 48% used [0x00000000fb400000,0x00000000fc618988,0x00000000fd980000)
  to   space 43520K, 0% used [0x00000000f8480000,0x00000000f8480000,0x00000000faf00000)
 ParOldGen       total 329728K, used 95528K [0x00000000a0000000, 0x00000000b4200000, 0x00000000e0000000)
  object space 329728K, 28% used [0x00000000a0000000,0x00000000a5d4a010,0x00000000b4200000)
 Metaspace       used 111413K, capacity 120676K, committed 120832K, reserved 1155072K
  class space    used 14315K, capacity 16005K, committed 16128K, reserved 1048576K
Event: 6947.699 GC heap after
Heap after GC invocations=41 (full 4):
 PSYoungGen      total 441344K, used 24662K [0x00000000e0000000, 0x00000000fe080000, 0x0000000100000000)
  eden space 397824K, 0% used [0x00000000e0000000,0x00000000e0000000,0x00000000f8480000)
  from space 43520K, 56% used [0x00000000f8480000,0x00000000f9c95a78,0x00000000faf00000)
  to   space 43520K, 0% used [0x00000000fb600000,0x00000000fb600000,0x00000000fe080000)
 ParOldGen       total 329728K, used 95536K [0x00000000a0000000, 0x00000000b4200000, 0x00000000e0000000)
  object space 329728K, 28% used [0x00000000a0000000,0x00000000a5d4c010,0x00000000b4200000)
 Metaspace       used 111413K, capacity 120676K, committed 120832K, reserved 1155072K
  class space    used 14315K, capacity 16005K, committed 16128K, reserved 1048576K
}
Event: 6950.377 GC heap before
{Heap before GC invocations=42 (full 4):
 PSYoungGen      total 441344K, used 422486K [0x00000000e0000000, 0x00000000fe080000, 0x0000000100000000)
  eden space 397824K, 100% used [0x00000000e0000000,0x00000000f8480000,0x00000000f8480000)
  from space 43520K, 56% used [0x00000000f8480000,0x00000000f9c95a78,0x00000000faf00000)
  to   space 43520K, 0% used [0x00000000fb600000,0x00000000fb600000,0x00000000fe080000)
 ParOldGen       total 329728K, used 95536K [0x00000000a0000000, 0x00000000b4200000, 0x00000000e0000000)
  object space 329728K, 28% used [0x00000000a0000000,0x00000000a5d4c010,0x00000000b4200000)
 Metaspace       used 111553K, capacity 120764K, committed 121088K, reserved 1155072K
  class space    used 14318K, capacity 16007K, committed 16128K, reserved 1048576K
Event: 6950.449 GC heap after
Heap after GC invocations=42 (full 4):
 PSYoungGen      total 432640K, used 43511K [0x00000000e0000000, 0x0000000100000000, 0x0000000100000000)
  eden space 389120K, 0% used [0x00000000e0000000,0x00000000e0000000,0x00000000f7c00000)
  from space 43520K, 99% used [0x00000000fb600000,0x00000000fe07dce0,0x00000000fe080000)
  to   space 59392K, 0% used [0x00000000f7c00000,0x00000000f7c00000,0x00000000fb600000)
 ParOldGen       total 329728K, used 119421K [0x00000000a0000000, 0x00000000b4200000, 0x00000000e0000000)
  object space 329728K, 36% used [0x00000000a0000000,0x00000000a749f6b0,0x00000000b4200000)
 Metaspace       used 111553K, capacity 120764K, committed 121088K, reserved 1155072K
  class space    used 14318K, capacity 16007K, committed 16128K, reserved 1048576K
}
Event: 7293.759 GC heap before
{Heap before GC invocations=43 (full 4):
 PSYoungGen      total 432640K, used 432631K [0x00000000e0000000, 0x0000000100000000, 0x0000000100000000)
  eden space 389120K, 100% used [0x00000000e0000000,0x00000000f7c00000,0x00000000f7c00000)
  from space 43520K, 99% used [0x00000000fb600000,0x00000000fe07dce0,0x00000000fe080000)
  to   space 59392K, 0% used [0x00000000f7c00000,0x00000000f7c00000,0x00000000fb600000)
 ParOldGen       total 329728K, used 119421K [0x00000000a0000000, 0x00000000b4200000, 0x00000000e0000000)
  object space 329728K, 36% used [0x00000000a0000000,0x00000000a749f6b0,0x00000000b4200000)
 Metaspace       used 111932K, capacity 121226K, committed 121344K, reserved 1155072K
  class space    used 14337K, capacity 16040K, committed 16128K, reserved 1048576K
Event: 7294.018 GC heap after
Heap after GC invocations=43 (full 4):
 PSYoungGen      total 448512K, used 50104K [0x00000000e0000000, 0x0000000100000000, 0x0000000100000000)
  eden space 389120K, 0% used [0x00000000e0000000,0x00000000e0000000,0x00000000f7c00000)
  from space 59392K, 84% used [0x00000000f7c00000,0x00000000facee2d8,0x00000000fb600000)
  to   space 65536K, 0% used [0x00000000fc000000,0x00000000fc000000,0x0000000100000000)
 ParOldGen       total 329728K, used 121771K [0x00000000a0000000, 0x00000000b4200000, 0x00000000e0000000)
  object space 329728K, 36% used [0x00000000a0000000,0x00000000a76eafb0,0x00000000b4200000)
 Metaspace       used 111932K, capacity 121226K, committed 121344K, reserved 1155072K
  class space    used 14337K, capacity 16040K, committed 16128K, reserved 1048576K
}
Event: 7869.180 GC heap before
{Heap before GC invocations=44 (full 4):
 PSYoungGen      total 448512K, used 439224K [0x00000000e0000000, 0x0000000100000000, 0x0000000100000000)
  eden space 389120K, 100% used [0x00000000e0000000,0x00000000f7c00000,0x00000000f7c00000)
  from space 59392K, 84% used [0x00000000f7c00000,0x00000000facee2d8,0x00000000fb600000)
  to   space 65536K, 0% used [0x00000000fc000000,0x00000000fc000000,0x0000000100000000)
 ParOldGen       total 329728K, used 121771K [0x00000000a0000000, 0x00000000b4200000, 0x00000000e0000000)
  object space 329728K, 36% used [0x00000000a0000000,0x00000000a76eafb0,0x00000000b4200000)
 Metaspace       used 112107K, capacity 121534K, committed 121856K, reserved 1155072K
  class space    used 14344K, capacity 16048K, committed 16128K, reserved 1048576K

Deoptimization events (10 events):
Event: 7369.572 Thread 0x000000001a0c0000 Uncommon trap: reason=array_check action=maybe_recompile pc=0x0000000003e0b800 method=java.util.ComparableTimSort.mergeHi(IIII)V @ 171
Event: 7369.577 Thread 0x000000001a0c0000 Uncommon trap: reason=array_check action=maybe_recompile pc=0x0000000003e0b800 method=java.util.ComparableTimSort.mergeHi(IIII)V @ 171
Event: 7369.768 Thread 0x000000001a0c6000 Uncommon trap: reason=array_check action=maybe_recompile pc=0x0000000002bb3e78 method=java.util.Arrays.fill([Ljava/lang/Object;IILjava/lang/Object;)V @ 20
Event: 7370.105 Thread 0x000000001e926800 Uncommon trap: reason=class_check action=maybe_recompile pc=0x0000000005e1c260 method=java.util.Spliterators$ArraySpliterator.tryAdvance(Ljava/util/function/Consumer;)Z @ 49
Event: 7867.062 Thread 0x000000001c2ac800 Uncommon trap: reason=class_check action=maybe_recompile pc=0x0000000005e1c260 method=java.util.Spliterators$ArraySpliterator.tryAdvance(Ljava/util/function/Consumer;)Z @ 49
Event: 7867.093 Thread 0x000000001c2ac800 Uncommon trap: reason=class_check action=maybe_recompile pc=0x0000000005e1c260 method=java.util.Spliterators$ArraySpliterator.tryAdvance(Ljava/util/function/Consumer;)Z @ 49
Event: 7867.628 Thread 0x000000001e92a000 Uncommon trap: reason=class_check action=maybe_recompile pc=0x00000000058f8e80 method=com.sun.org.apache.xerces.internal.dom.NamedNodeMapImpl.getNamedItem(Ljava/lang/String;)Lorg/w3c/dom/Node; @ 28
Event: 7867.628 Thread 0x000000001e92a000 Uncommon trap: reason=class_check action=maybe_recompile pc=0x00000000058f8e80 method=com.sun.org.apache.xerces.internal.dom.NamedNodeMapImpl.getNamedItem(Ljava/lang/String;)Lorg/w3c/dom/Node; @ 28
Event: 7867.628 Thread 0x000000001e92a000 Uncommon trap: reason=class_check action=maybe_recompile pc=0x00000000058f8e80 method=com.sun.org.apache.xerces.internal.dom.NamedNodeMapImpl.getNamedItem(Ljava/lang/String;)Lorg/w3c/dom/Node; @ 28
Event: 7867.628 Thread 0x000000001e92a000 Uncommon trap: reason=class_check action=maybe_recompile pc=0x00000000058f8e80 method=com.sun.org.apache.xerces.internal.dom.NamedNodeMapImpl.getNamedItem(Ljava/lang/String;)Lorg/w3c/dom/Node; @ 28

Classes redefined (0 events):
No events

Internal exceptions (10 events):
Event: 7295.122 Thread 0x000000001e925800 Exception <a 'sun/nio/fs/WindowsException'> (0x00000000e75d2468) thrown at [D:\src\AOSP-openjdk-cygwin\jdk8u\hotspot\src\share\vm\prims\jni.cpp, line 710]
Event: 7369.097 Thread 0x000000001e926800 Exception <a 'sun/nio/fs/WindowsException'> (0x00000000e8447068) thrown at [D:\src\AOSP-openjdk-cygwin\jdk8u\hotspot\src\share\vm\prims\jni.cpp, line 710]
Event: 7369.774 Thread 0x000000001c2a9000 Exception <a 'sun/nio/fs/WindowsException'> (0x00000000ed468cf0) thrown at [D:\src\AOSP-openjdk-cygwin\jdk8u\hotspot\src\share\vm\prims\jni.cpp, line 710]
Event: 7369.780 Thread 0x000000001c2a9000 Exception <a 'sun/nio/fs/WindowsException'> (0x00000000ed55bcc0) thrown at [D:\src\AOSP-openjdk-cygwin\jdk8u\hotspot\src\share\vm\prims\jni.cpp, line 710]
Event: 7369.836 Thread 0x000000001a0cb800 Exception <a 'sun/nio/fs/WindowsException'> (0x00000000ed718058) thrown at [D:\src\AOSP-openjdk-cygwin\jdk8u\hotspot\src\share\vm\prims\jni.cpp, line 710]
Event: 7369.963 Thread 0x000000001c2af000 Exception <a 'sun/nio/fs/WindowsException'> (0x00000000ee947be8) thrown at [D:\src\AOSP-openjdk-cygwin\jdk8u\hotspot\src\share\vm\prims\jni.cpp, line 710]
Event: 7370.119 Thread 0x000000001e926800 Exception <a 'sun/nio/fs/WindowsException'> (0x00000000ef200a20) thrown at [D:\src\AOSP-openjdk-cygwin\jdk8u\hotspot\src\share\vm\prims\jni.cpp, line 710]
Event: 7867.014 Thread 0x000000001c2ac800 Exception <a 'sun/nio/fs/WindowsException'> (0x00000000f02a9e70) thrown at [D:\src\AOSP-openjdk-cygwin\jdk8u\hotspot\src\share\vm\prims\jni.cpp, line 710]
Event: 7869.122 Thread 0x000000001e92e000 Exception <a 'sun/nio/fs/WindowsException'> (0x00000000f6f4b6d8) thrown at [D:\src\AOSP-openjdk-cygwin\jdk8u\hotspot\src\share\vm\prims\jni.cpp, line 710]
Event: 7869.122 Thread 0x000000001e92e000 Exception <a 'sun/nio/fs/WindowsException'> (0x00000000f6f4bb80) thrown at [D:\src\AOSP-openjdk-cygwin\jdk8u\hotspot\src\share\vm\prims\jni.cpp, line 710]

Events (10 events):
Event: 7868.072 Thread 0x000000001e92a000 DEOPT UNPACKING pc=0x00000000027c75d0 sp=0x0000000028b0d098 mode 0
Event: 7868.079 Thread 0x000000001a0be800 Thread added: 0x000000001a0be800
Event: 7868.079 Thread 0x000000001a0c5800 Thread added: 0x000000001a0c5800
Event: 7868.081 Executing VM operation: RevokeBias
Event: 7868.082 Executing VM operation: RevokeBias done
Event: 7869.093 Thread 0x000000001e92e000 DEOPT PACKING pc=0x000000000362dfd4 sp=0x0000000029a3e1c0
Event: 7869.093 Thread 0x000000001e92e000 DEOPT UNPACKING pc=0x00000000027c75d0 sp=0x0000000029a3df68 mode 0
Event: 7869.096 Thread 0x000000001e92e000 DEOPT PACKING pc=0x00000000060c358a sp=0x0000000029a3e1e0
Event: 7869.096 Thread 0x000000001e92e000 DEOPT UNPACKING pc=0x00000000027c75d0 sp=0x0000000029a3e038 mode 0
Event: 7869.180 Executing VM operation: ParallelGCFailedAllocation


Dynamic libraries:
0x00007ff755cf0000 - 0x00007ff755d21000 	D:\AndroidStudio\AndroidStudio3.6\jre\bin\java.exe
0x00007ff8b18e0000 - 0x00007ff8b1ad0000 	C:\WINDOWS\SYSTEM32\ntdll.dll
0x00007ff8b0c70000 - 0x00007ff8b0d22000 	C:\WINDOWS\System32\KERNEL32.DLL
0x00007ff8af2c0000 - 0x00007ff8af563000 	C:\WINDOWS\System32\KERNELBASE.dll
0x00007ff8b0760000 - 0x00007ff8b0803000 	C:\WINDOWS\System32\ADVAPI32.dll
0x00007ff8b0bc0000 - 0x00007ff8b0c5e000 	C:\WINDOWS\System32\msvcrt.dll
0x00007ff8b1800000 - 0x00007ff8b1897000 	C:\WINDOWS\System32\sechost.dll
0x00007ff8b1630000 - 0x00007ff8b1750000 	C:\WINDOWS\System32\RPCRT4.dll
0x00007ff8b1490000 - 0x00007ff8b1624000 	C:\WINDOWS\System32\USER32.dll
0x00007ff8af570000 - 0x00007ff8af591000 	C:\WINDOWS\System32\win32u.dll
0x00007ff8b0240000 - 0x00007ff8b0266000 	C:\WINDOWS\System32\GDI32.dll
0x00007ff8af7f0000 - 0x00007ff8af984000 	C:\WINDOWS\System32\gdi32full.dll
0x00007ff8aeaa0000 - 0x00007ff8aeb3e000 	C:\WINDOWS\System32\msvcp_win.dll
0x00007ff8af5a0000 - 0x00007ff8af69a000 	C:\WINDOWS\System32\ucrtbase.dll
0x00007ff8a3c50000 - 0x00007ff8a3ed5000 	C:\WINDOWS\WinSxS\amd64_microsoft.windows.common-controls_6595b64144ccf1df_6.0.18362.778_none_e6c6b761130d4fb8\COMCTL32.dll
0x00007ff8afa10000 - 0x00007ff8afd46000 	C:\WINDOWS\System32\combase.dll
0x00007ff8ae8e0000 - 0x00007ff8ae960000 	C:\WINDOWS\System32\bcryptPrimitives.dll
0x00007ff8b08e0000 - 0x00007ff8b090e000 	C:\WINDOWS\System32\IMM32.DLL
0x0000000068410000 - 0x00000000684e2000 	D:\AndroidStudio\AndroidStudio3.6\jre\jre\bin\msvcr100.dll
0x00000000685d0000 - 0x0000000068e16000 	D:\AndroidStudio\AndroidStudio3.6\jre\jre\bin\server\jvm.dll
0x00007ff8b1480000 - 0x00007ff8b1488000 	C:\WINDOWS\System32\PSAPI.DLL
0x00007ff8ab260000 - 0x00007ff8ab269000 	C:\WINDOWS\SYSTEM32\WSOCK32.dll
0x00007ff8b0490000 - 0x00007ff8b04ff000 	C:\WINDOWS\System32\WS2_32.dll
0x00007ff8ac910000 - 0x00007ff8ac934000 	C:\WINDOWS\SYSTEM32\WINMM.dll
0x00007ff8ac8a0000 - 0x00007ff8ac8cd000 	C:\WINDOWS\SYSTEM32\WINMMBASE.dll
0x00007ff8aa720000 - 0x00007ff8aa72a000 	C:\WINDOWS\SYSTEM32\VERSION.dll
0x00007ff8ae890000 - 0x00007ff8ae8da000 	C:\WINDOWS\System32\cfgmgr32.dll
0x00007ff8a7430000 - 0x00007ff8a743f000 	D:\AndroidStudio\AndroidStudio3.6\jre\jre\bin\verify.dll
0x00007ff89f540000 - 0x00007ff89f569000 	D:\AndroidStudio\AndroidStudio3.6\jre\jre\bin\java.dll
0x00007ff8a7410000 - 0x00007ff8a7426000 	D:\AndroidStudio\AndroidStudio3.6\jre\jre\bin\zip.dll
0x00007ff8b0d30000 - 0x00007ff8b1415000 	C:\WINDOWS\System32\SHELL32.dll
0x00007ff8b0500000 - 0x00007ff8b05a9000 	C:\WINDOWS\System32\shcore.dll
0x00007ff8aeb40000 - 0x00007ff8af2c0000 	C:\WINDOWS\System32\windows.storage.dll
0x00007ff8ae7b0000 - 0x00007ff8ae7d3000 	C:\WINDOWS\System32\profapi.dll
0x00007ff8ae820000 - 0x00007ff8ae86a000 	C:\WINDOWS\System32\powrprof.dll
0x00007ff8ae7a0000 - 0x00007ff8ae7b0000 	C:\WINDOWS\System32\UMPDC.dll
0x00007ff8b0430000 - 0x00007ff8b0482000 	C:\WINDOWS\System32\shlwapi.dll
0x00007ff8ae800000 - 0x00007ff8ae811000 	C:\WINDOWS\System32\kernel.appcore.dll
0x00007ff8ae870000 - 0x00007ff8ae887000 	C:\WINDOWS\System32\cryptsp.dll
0x00007ff89d850000 - 0x00007ff89d86a000 	D:\AndroidStudio\AndroidStudio3.6\jre\jre\bin\net.dll
0x00007ff8a2b60000 - 0x00007ff8a2d35000 	C:\WINDOWS\SYSTEM32\urlmon.dll
0x00007ff8a6940000 - 0x00007ff8a6be6000 	C:\WINDOWS\SYSTEM32\iertutil.dll
0x00007ff8ae180000 - 0x00007ff8ae18c000 	C:\WINDOWS\SYSTEM32\CRYPTBASE.DLL
0x00007ff8adfb0000 - 0x00007ff8ae017000 	C:\WINDOWS\system32\mswsock.dll
0x00007ff89cda0000 - 0x00007ff89cdb3000 	D:\AndroidStudio\AndroidStudio3.6\jre\jre\bin\nio.dll
0x00007ff8984b0000 - 0x00007ff8984d6000 	C:\Users\Bambino\.gradle\native\30\windows-amd64\native-platform.dll
0x00007ff8a4c80000 - 0x00007ff8a4c8d000 	D:\AndroidStudio\AndroidStudio3.6\jre\jre\bin\management.dll
0x00007ff8adb20000 - 0x00007ff8adb53000 	C:\WINDOWS\system32\rsaenh.dll
0x00007ff8aea10000 - 0x00007ff8aea36000 	C:\WINDOWS\System32\bcrypt.dll
0x00007ff8ae6c0000 - 0x00007ff8ae6e5000 	C:\WINDOWS\SYSTEM32\USERENV.dll
0x00007ff8adcc0000 - 0x00007ff8adcfa000 	C:\WINDOWS\SYSTEM32\IPHLPAPI.DLL
0x00007ff8afa00000 - 0x00007ff8afa08000 	C:\WINDOWS\System32\NSI.dll
0x00007ff8a9b10000 - 0x00007ff8a9b26000 	C:\WINDOWS\SYSTEM32\dhcpcsvc6.DLL
0x00007ff8a9920000 - 0x00007ff8a993c000 	C:\WINDOWS\SYSTEM32\dhcpcsvc.DLL
0x00007ff8add00000 - 0x00007ff8addca000 	C:\WINDOWS\SYSTEM32\DNSAPI.dll
0x00007ff898510000 - 0x00007ff898534000 	D:\AndroidStudio\AndroidStudio3.6\jre\jre\bin\sunec.dll
0x00007ff8a7540000 - 0x00007ff8a754a000 	C:\Windows\System32\rasadhlp.dll
0x00007ff8a8b80000 - 0x00007ff8a8bf7000 	C:\WINDOWS\System32\fwpuclnt.dll
0x00007ff8a2480000 - 0x00007ff8a248b000 	D:\AndroidStudio\AndroidStudio3.6\jre\jre\bin\sunmscapi.dll
0x00007ff8af6a0000 - 0x00007ff8af7e9000 	C:\WINDOWS\System32\CRYPT32.dll
0x00007ff8ae7e0000 - 0x00007ff8ae7f2000 	C:\WINDOWS\System32\MSASN1.dll
0x00007ff899e90000 - 0x00007ff89a084000 	C:\WINDOWS\SYSTEM32\dbghelp.dll

VM Arguments:
jvm_args: -Xmx1536m -Dfile.encoding=windows-1251 -Duser.country=RU -Duser.language=ru -Duser.variant 
java_command: org.gradle.launcher.daemon.bootstrap.GradleDaemon 5.6.4
java_class_path (initial): C:\Users\Bambino\.gradle\wrapper\dists\gradle-5.6.4-all\ankdp27end7byghfw1q2sw75f\gradle-5.6.4\lib\gradle-launcher-5.6.4.jar
Launcher Type: SUN_STANDARD

Environment Variables:
JAVA_HOME=C:\Program Files\Java\jdk-12.0.1\bin
PATH=C:\Program Files (x86)\Common Files\Oracle\Java\javapath;C:\Program Files\Java\jdk-12.0.1\bin;C:\Windows\system32;C:\Windows;C:\Windows\System32\Wbem;C:\Windows\System32\WindowsPowerShell\v1.0\;C:\Windows\System32\OpenSSH\;C:\Program Files (x86)\NVIDIA Corporation\PhysX\Common;C:\Program Files\NVIDIA Corporation\NVIDIA NvDLISR;C:\Program Files\Common Files\Autodesk Shared\;B:\Soft\Git\cmd;C:\WINDOWS\system32;C:\WINDOWS;C:\WINDOWS\System32\Wbem;C:\WINDOWS\System32\WindowsPowerShell\v1.0\;C:\WINDOWS\System32\OpenSSH\;B:\Soft\GtkSharp\2.12\bin;C:\Program Files\MySQL\MySQL Shell 8.0\bin\;%USERPROFILE%\AppData\Local\Microsoft\WindowsApps;
USERNAME=Bambino
OS=Windows_NT
PROCESSOR_IDENTIFIER=Intel64 Family 6 Model 58 Stepping 9, GenuineIntel



---------------  S Y S T E M  ---------------

OS: Windows 10.0 , 64 bit Build 18362 (10.0.18362.778)

CPU:total 4 (initial active 4) (4 cores per cpu, 1 threads per core) family 6 model 58 stepping 9, cmov, cx8, fxsr, mmx, sse, sse2, sse3, ssse3, sse4.1, sse4.2, popcnt, avx, aes, clmul, erms, tsc, tscinvbit, tscinv

Memory: 4k page, physical 14623112k(5414260k free), swap 23011720k(8016064k free)

vm_info: OpenJDK 64-Bit Server VM (25.212-b04) for windows-amd64 JRE (1.8.0_212-release-1586-b04), built by "builder" with MS VC++ 10.0 (VS2010)

time: Sun May 10 21:35:44 2020
timezone: RTZ 2 (зима)
elapsed time: 7869 seconds (0d 2h 11m 9s)

